[02:55:28] [ServerMain/INFO]: Environment: authHost='https://authserver.mojang.com', accountsHost='https://api.mojang.com', sessionHost='https://sessionserver.mojang.com', servicesHost='https://api.minecraftservices.com', name='PROD'
[02:55:31] [ServerMain/INFO]: Loaded 7 recipes
[02:55:31] [ServerMain/INFO]: Loaded 1179 advancements
[02:55:32] [Server thread/INFO]: Starting minecraft server version 1.19.4
[02:55:32] [Server thread/INFO]: Loading properties
[02:55:32] [Server thread/INFO]: Default game type: SURVIVAL
[02:55:32] [Server thread/INFO]: Generating keypair
[02:55:33] [Server thread/INFO]: Starting Minecraft server on *:25565
[02:55:33] [Server thread/INFO]: Using epoll channel type
[02:55:33] [Server thread/INFO]: Preparing level "world"
[02:55:41] [Server thread/INFO]: Preparing start region for dimension minecraft:overworld
[02:55:50] [Worker-Main-1/INFO]: Preparing spawn area: 0%
[02:55:50] [Worker-Main-1/INFO]: Preparing spawn area: 0%
[02:55:50] [Worker-Main-1/INFO]: Preparing spawn area: 0%
[02:55:50] [Worker-Main-1/INFO]: Preparing spawn area: 0%
[02:55:50] [Worker-Main-1/INFO]: Preparing spawn area: 0%
[02:55:50] [Worker-Main-1/INFO]: Preparing spawn area: 0%
[02:55:50] [Worker-Main-1/INFO]: Preparing spawn area: 0%
[02:55:50] [Worker-Main-1/INFO]: Preparing spawn area: 0%
[02:55:50] [Worker-Main-1/INFO]: Preparing spawn area: 0%
[02:55:50] [Worker-Main-1/INFO]: Preparing spawn area: 0%
[02:55:50] [Worker-Main-1/INFO]: Preparing spawn area: 0%
[02:55:50] [Worker-Main-1/INFO]: Preparing spawn area: 0%
[02:55:50] [Worker-Main-1/INFO]: Preparing spawn area: 0%
[02:55:50] [Worker-Main-1/INFO]: Preparing spawn area: 0%
[02:55:50] [Worker-Main-1/INFO]: Preparing spawn area: 0%
[02:55:50] [Worker-Main-1/INFO]: Preparing spawn area: 0%
[02:55:50] [Worker-Main-1/INFO]: Preparing spawn area: 0%
[02:55:50] [Worker-Main-1/INFO]: Preparing spawn area: 0%
[02:55:50] [Worker-Main-1/INFO]: Preparing spawn area: 0%
[02:55:50] [Worker-Main-1/INFO]: Preparing spawn area: 0%
[02:55:51] [Worker-Main-1/INFO]: Preparing spawn area: 0%
[02:55:51] [Worker-Main-1/INFO]: Preparing spawn area: 0%
[02:55:52] [Worker-Main-1/INFO]: Preparing spawn area: 0%
[02:55:52] [Worker-Main-1/INFO]: Preparing spawn area: 0%
[02:55:53] [Worker-Main-1/INFO]: Preparing spawn area: 0%
[02:55:53] [Worker-Main-1/INFO]: Preparing spawn area: 78%
[02:55:54] [Server thread/INFO]: Time elapsed: 13086 ms
[02:55:54] [Server thread/INFO]: Done (21.185s)! For help, type "help"
[02:58:37] [Server thread/INFO]: Stopping the server
[02:58:37] [Server thread/INFO]: Stopping server
[02:58:37] [Server thread/INFO]: Saving players
[02:58:37] [Server thread/INFO]: Saving worlds
[02:58:40] [Server thread/INFO]: Saving chunks for level 'ServerLevel[world]'/minecraft:overworld
[02:58:57] [Server thread/INFO]: Saving chunks for level 'ServerLevel[world]'/minecraft:the_nether
[02:58:57] [Server thread/INFO]: Saving chunks for level 'ServerLevel[world]'/minecraft:the_end
[02:58:57] [Server thread/INFO]: ThreadedAnvilChunkStorage (world): All chunks are saved
[02:58:57] [Server thread/INFO]: ThreadedAnvilChunkStorage (DIM-1): All chunks are saved
[02:58:57] [Server thread/INFO]: ThreadedAnvilChunkStorage (DIM1): All chunks are saved
[02:58:57] [Server thread/INFO]: ThreadedAnvilChunkStorage: All dimensions are saved
